{
  "stats": {
    "suites": 1,
    "tests": 2,
    "passes": 2,
    "pending": 0,
    "failures": 0,
    "start": "2023-08-24T19:09:10.353Z",
    "end": "2023-08-24T19:09:38.951Z",
    "duration": 28598,
    "testsRegistered": 2,
    "passPercent": 100,
    "pendingPercent": 0,
    "other": 0,
    "hasOther": false,
    "skipped": 0,
    "hasSkipped": false
  },
  "results": [
    {
      "uuid": "02ad920b-c49a-4008-99f4-806ad6ce58be",
      "title": "",
      "fullFile": "cypress/integration/Checkout.feature",
      "file": "cypress/integration/Checkout.feature",
      "beforeHooks": [],
      "afterHooks": [],
      "tests": [],
      "suites": [
        {
          "uuid": "4036b7a6-a2bb-426c-9ed8-994fb9639f3b",
          "title": "Checkout",
          "fullFile": "",
          "file": "",
          "beforeHooks": [],
          "afterHooks": [],
          "tests": [
            {
              "title": "Should create the order when all fields in checkout are filled with valid data",
              "fullTitle": "Checkout Should create the order when all fields in checkout are filled with valid data",
              "timedOut": null,
              "duration": 17828,
              "state": "passed",
              "speed": "slow",
              "pass": true,
              "fail": false,
              "pending": false,
              "context": null,
              "code": "const state = window.testState;\nreturn cy\n  .then(() => state.onStartScenario(scenario, indexedSteps))\n  .then(() =>\n    resolveAndRunBeforeHooks.call(this, scenario.tags, state.feature.name)\n  )\n  .then(() =>\n    indexedSteps.forEach((step) =>\n      stepTest.call(this, state, step, rowData)\n    )\n  )\n  .then(() => state.onFinishScenario(scenario));",
              "err": {},
              "uuid": "4c98dd19-bac7-4010-98f1-94534d997b39",
              "parentUUID": "4036b7a6-a2bb-426c-9ed8-994fb9639f3b",
              "isHook": false,
              "skipped": false
            },
            {
              "title": "Should not create the order when the mandatory fields in checkout are not filled",
              "fullTitle": "Checkout Should not create the order when the mandatory fields in checkout are not filled",
              "timedOut": null,
              "duration": 10599,
              "state": "passed",
              "speed": "slow",
              "pass": true,
              "fail": false,
              "pending": false,
              "context": null,
              "code": "const state = window.testState;\nreturn cy\n  .then(() => state.onStartScenario(scenario, indexedSteps))\n  .then(() =>\n    resolveAndRunBeforeHooks.call(this, scenario.tags, state.feature.name)\n  )\n  .then(() =>\n    indexedSteps.forEach((step) =>\n      stepTest.call(this, state, step, rowData)\n    )\n  )\n  .then(() => state.onFinishScenario(scenario));",
              "err": {},
              "uuid": "d836a4b1-8e6d-425f-ac0c-118afbc1f84d",
              "parentUUID": "4036b7a6-a2bb-426c-9ed8-994fb9639f3b",
              "isHook": false,
              "skipped": false
            }
          ],
          "suites": [],
          "passes": [
            "4c98dd19-bac7-4010-98f1-94534d997b39",
            "d836a4b1-8e6d-425f-ac0c-118afbc1f84d"
          ],
          "failures": [],
          "pending": [],
          "skipped": [],
          "duration": 28427,
          "root": false,
          "rootEmpty": false,
          "_timeout": 2000
        }
      ],
      "passes": [],
      "failures": [],
      "pending": [],
      "skipped": [],
      "duration": 0,
      "root": true,
      "rootEmpty": true,
      "_timeout": 2000
    }
  ],
  "meta": {
    "mocha": {
      "version": "7.0.1"
    },
    "mochawesome": {
      "options": {
        "quiet": false,
        "reportFilename": "mochawesome",
        "saveHtml": false,
        "saveJson": true,
        "consoleReporter": "spec",
        "useInlineDiffs": false,
        "code": true
      },
      "version": "7.1.3"
    },
    "marge": {
      "options": {
        "reportDir": "cypress/results",
        "overwrite": false,
        "html": false,
        "json": true
      },
      "version": "6.2.0"
    }
  }
}