{
  "stats": {
    "suites": 4,
    "tests": 8,
    "passes": 8,
    "pending": 0,
    "failures": 0,
    "testsRegistered": 8,
    "passPercent": 100,
    "pendingPercent": 0,
    "other": 0,
    "hasOther": false,
    "skipped": 0,
    "hasSkipped": false,
    "start": "2023-08-24T19:08:29.594Z",
    "end": "2023-08-24T19:10:51.642Z",
    "duration": 142048
  },
  "results": [
    {
      "uuid": "02ad920b-c49a-4008-99f4-806ad6ce58be",
      "title": "",
      "fullFile": "cypress/integration/Checkout.feature",
      "file": "cypress/integration/Checkout.feature",
      "beforeHooks": [],
      "afterHooks": [],
      "tests": [],
      "suites": [
        {
          "uuid": "4036b7a6-a2bb-426c-9ed8-994fb9639f3b",
          "title": "Checkout",
          "fullFile": "",
          "file": "",
          "beforeHooks": [],
          "afterHooks": [],
          "tests": [
            {
              "title": "Should create the order when all fields in checkout are filled with valid data",
              "fullTitle": "Checkout Should create the order when all fields in checkout are filled with valid data",
              "timedOut": null,
              "duration": 17828,
              "state": "passed",
              "speed": "slow",
              "pass": true,
              "fail": false,
              "pending": false,
              "context": null,
              "code": "const state = window.testState;\nreturn cy\n  .then(() => state.onStartScenario(scenario, indexedSteps))\n  .then(() =>\n    resolveAndRunBeforeHooks.call(this, scenario.tags, state.feature.name)\n  )\n  .then(() =>\n    indexedSteps.forEach((step) =>\n      stepTest.call(this, state, step, rowData)\n    )\n  )\n  .then(() => state.onFinishScenario(scenario));",
              "err": {},
              "uuid": "4c98dd19-bac7-4010-98f1-94534d997b39",
              "parentUUID": "4036b7a6-a2bb-426c-9ed8-994fb9639f3b",
              "isHook": false,
              "skipped": false
            },
            {
              "title": "Should not create the order when the mandatory fields in checkout are not filled",
              "fullTitle": "Checkout Should not create the order when the mandatory fields in checkout are not filled",
              "timedOut": null,
              "duration": 10599,
              "state": "passed",
              "speed": "slow",
              "pass": true,
              "fail": false,
              "pending": false,
              "context": null,
              "code": "const state = window.testState;\nreturn cy\n  .then(() => state.onStartScenario(scenario, indexedSteps))\n  .then(() =>\n    resolveAndRunBeforeHooks.call(this, scenario.tags, state.feature.name)\n  )\n  .then(() =>\n    indexedSteps.forEach((step) =>\n      stepTest.call(this, state, step, rowData)\n    )\n  )\n  .then(() => state.onFinishScenario(scenario));",
              "err": {},
              "uuid": "d836a4b1-8e6d-425f-ac0c-118afbc1f84d",
              "parentUUID": "4036b7a6-a2bb-426c-9ed8-994fb9639f3b",
              "isHook": false,
              "skipped": false
            }
          ],
          "suites": [],
          "passes": [
            "4c98dd19-bac7-4010-98f1-94534d997b39",
            "d836a4b1-8e6d-425f-ac0c-118afbc1f84d"
          ],
          "failures": [],
          "pending": [],
          "skipped": [],
          "duration": 28427,
          "root": false,
          "rootEmpty": false,
          "_timeout": 2000
        }
      ],
      "passes": [],
      "failures": [],
      "pending": [],
      "skipped": [],
      "duration": 0,
      "root": true,
      "rootEmpty": true,
      "_timeout": 2000
    },
    {
      "uuid": "5d1be885-b592-409a-85a2-de9ecc0fffa9",
      "title": "",
      "fullFile": "cypress/integration/Produto.feature",
      "file": "cypress/integration/Produto.feature",
      "beforeHooks": [],
      "afterHooks": [],
      "tests": [],
      "suites": [
        {
          "uuid": "f3307023-701a-49e5-93d1-5cebf6727fc9",
          "title": "Product",
          "fullFile": "",
          "file": "",
          "beforeHooks": [],
          "afterHooks": [],
          "tests": [
            {
              "title": "Should add the item to the cart",
              "fullTitle": "Product Should add the item to the cart",
              "timedOut": null,
              "duration": 12914,
              "state": "passed",
              "speed": "slow",
              "pass": true,
              "fail": false,
              "pending": false,
              "context": null,
              "code": "const state = window.testState;\nreturn cy\n  .then(() => state.onStartScenario(scenario, indexedSteps))\n  .then(() =>\n    resolveAndRunBeforeHooks.call(this, scenario.tags, state.feature.name)\n  )\n  .then(() =>\n    indexedSteps.forEach((step) =>\n      stepTest.call(this, state, step, rowData)\n    )\n  )\n  .then(() => state.onFinishScenario(scenario));",
              "err": {},
              "uuid": "45a699c8-7062-40eb-b675-66fd8cee0a47",
              "parentUUID": "f3307023-701a-49e5-93d1-5cebf6727fc9",
              "isHook": false,
              "skipped": false
            }
          ],
          "suites": [],
          "passes": [
            "45a699c8-7062-40eb-b675-66fd8cee0a47"
          ],
          "failures": [],
          "pending": [],
          "skipped": [],
          "duration": 12914,
          "root": false,
          "rootEmpty": false,
          "_timeout": 2000
        }
      ],
      "passes": [],
      "failures": [],
      "pending": [],
      "skipped": [],
      "duration": 0,
      "root": true,
      "rootEmpty": true,
      "_timeout": 2000
    },
    {
      "uuid": "d5c3ae58-1f8c-45cc-83d6-26ec03205caa",
      "title": "",
      "fullFile": "cypress/integration/RegistrarConta.feature",
      "file": "cypress/integration/RegistrarConta.feature",
      "beforeHooks": [],
      "afterHooks": [],
      "tests": [],
      "suites": [
        {
          "uuid": "ef6d8f5c-f9cf-4994-af8c-d21bc1ecb2dd",
          "title": "Register Account",
          "fullFile": "",
          "file": "",
          "beforeHooks": [],
          "afterHooks": [],
          "tests": [
            {
              "title": "Should create a new account when all fields are filled with valid data",
              "fullTitle": "Register Account Should create a new account when all fields are filled with valid data",
              "timedOut": null,
              "duration": 11190,
              "state": "passed",
              "speed": "slow",
              "pass": true,
              "fail": false,
              "pending": false,
              "context": null,
              "code": "const state = window.testState;\nreturn cy\n  .then(() => state.onStartScenario(scenario, indexedSteps))\n  .then(() =>\n    resolveAndRunBeforeHooks.call(this, scenario.tags, state.feature.name)\n  )\n  .then(() =>\n    indexedSteps.forEach((step) =>\n      stepTest.call(this, state, step, rowData)\n    )\n  )\n  .then(() => state.onFinishScenario(scenario));",
              "err": {},
              "uuid": "aabcad10-8e62-4f1b-be34-d23fda35563c",
              "parentUUID": "ef6d8f5c-f9cf-4994-af8c-d21bc1ecb2dd",
              "isHook": false,
              "skipped": false
            },
            {
              "title": "Should not create a new account when the email field is not filled",
              "fullTitle": "Register Account Should not create a new account when the email field is not filled",
              "timedOut": null,
              "duration": 4837,
              "state": "passed",
              "speed": "fast",
              "pass": true,
              "fail": false,
              "pending": false,
              "context": null,
              "code": "const state = window.testState;\nreturn cy\n  .then(() => state.onStartScenario(scenario, indexedSteps))\n  .then(() =>\n    resolveAndRunBeforeHooks.call(this, scenario.tags, state.feature.name)\n  )\n  .then(() =>\n    indexedSteps.forEach((step) =>\n      stepTest.call(this, state, step, rowData)\n    )\n  )\n  .then(() => state.onFinishScenario(scenario));",
              "err": {},
              "uuid": "fd18cbf8-bceb-40fb-97cb-00efcc6c0618",
              "parentUUID": "ef6d8f5c-f9cf-4994-af8c-d21bc1ecb2dd",
              "isHook": false,
              "skipped": false
            },
            {
              "title": "Should not create a new account when providing data from an existent account",
              "fullTitle": "Register Account Should not create a new account when providing data from an existent account",
              "timedOut": null,
              "duration": 9671,
              "state": "passed",
              "speed": "medium",
              "pass": true,
              "fail": false,
              "pending": false,
              "context": null,
              "code": "const state = window.testState;\nreturn cy\n  .then(() => state.onStartScenario(scenario, indexedSteps))\n  .then(() =>\n    resolveAndRunBeforeHooks.call(this, scenario.tags, state.feature.name)\n  )\n  .then(() =>\n    indexedSteps.forEach((step) =>\n      stepTest.call(this, state, step, rowData)\n    )\n  )\n  .then(() => state.onFinishScenario(scenario));",
              "err": {},
              "uuid": "742f1854-005b-45cc-8472-d04ffce5eceb",
              "parentUUID": "ef6d8f5c-f9cf-4994-af8c-d21bc1ecb2dd",
              "isHook": false,
              "skipped": false
            }
          ],
          "suites": [],
          "passes": [
            "aabcad10-8e62-4f1b-be34-d23fda35563c",
            "fd18cbf8-bceb-40fb-97cb-00efcc6c0618",
            "742f1854-005b-45cc-8472-d04ffce5eceb"
          ],
          "failures": [],
          "pending": [],
          "skipped": [],
          "duration": 25698,
          "root": false,
          "rootEmpty": false,
          "_timeout": 2000
        }
      ],
      "passes": [],
      "failures": [],
      "pending": [],
      "skipped": [],
      "duration": 0,
      "root": true,
      "rootEmpty": true,
      "_timeout": 2000
    },
    {
      "uuid": "ef5c9202-e508-4ce7-9bbe-c451f0052aa6",
      "title": "",
      "fullFile": "cypress/integration/Carrinho.feature",
      "file": "cypress/integration/Carrinho.feature",
      "beforeHooks": [],
      "afterHooks": [],
      "tests": [],
      "suites": [
        {
          "uuid": "e47e2066-1fba-48c1-b317-76111c8d8b51",
          "title": "Cart",
          "fullFile": "",
          "file": "",
          "beforeHooks": [],
          "afterHooks": [],
          "tests": [
            {
              "title": "Should update the cart when changing the quantity of the product added to the cart",
              "fullTitle": "Cart Should update the cart when changing the quantity of the product added to the cart",
              "timedOut": null,
              "duration": 17439,
              "state": "passed",
              "speed": "slow",
              "pass": true,
              "fail": false,
              "pending": false,
              "context": null,
              "code": "const state = window.testState;\nreturn cy\n  .then(() => state.onStartScenario(scenario, indexedSteps))\n  .then(() =>\n    resolveAndRunBeforeHooks.call(this, scenario.tags, state.feature.name)\n  )\n  .then(() =>\n    indexedSteps.forEach((step) =>\n      stepTest.call(this, state, step, rowData)\n    )\n  )\n  .then(() => state.onFinishScenario(scenario));",
              "err": {},
              "uuid": "2b3abbc3-406b-4625-b5db-4ce96c2023a6",
              "parentUUID": "e47e2066-1fba-48c1-b317-76111c8d8b51",
              "isHook": false,
              "skipped": false
            },
            {
              "title": "Should remove the item from the cart",
              "fullTitle": "Cart Should remove the item from the cart",
              "timedOut": null,
              "duration": 11304,
              "state": "passed",
              "speed": "slow",
              "pass": true,
              "fail": false,
              "pending": false,
              "context": null,
              "code": "const state = window.testState;\nreturn cy\n  .then(() => state.onStartScenario(scenario, indexedSteps))\n  .then(() =>\n    resolveAndRunBeforeHooks.call(this, scenario.tags, state.feature.name)\n  )\n  .then(() =>\n    indexedSteps.forEach((step) =>\n      stepTest.call(this, state, step, rowData)\n    )\n  )\n  .then(() => state.onFinishScenario(scenario));",
              "err": {},
              "uuid": "deba5f97-db6a-43fd-bb25-a67818e19bc0",
              "parentUUID": "e47e2066-1fba-48c1-b317-76111c8d8b51",
              "isHook": false,
              "skipped": false
            }
          ],
          "suites": [],
          "passes": [
            "2b3abbc3-406b-4625-b5db-4ce96c2023a6",
            "deba5f97-db6a-43fd-bb25-a67818e19bc0"
          ],
          "failures": [],
          "pending": [],
          "skipped": [],
          "duration": 28743,
          "root": false,
          "rootEmpty": false,
          "_timeout": 2000
        }
      ],
      "passes": [],
      "failures": [],
      "pending": [],
      "skipped": [],
      "duration": 0,
      "root": true,
      "rootEmpty": true,
      "_timeout": 2000
    }
  ],
  "meta": {
    "mocha": {
      "version": "7.0.1"
    },
    "mochawesome": {
      "options": {
        "quiet": false,
        "reportFilename": "mochawesome",
        "saveHtml": false,
        "saveJson": true,
        "consoleReporter": "spec",
        "useInlineDiffs": false,
        "code": true
      },
      "version": "7.1.3"
    },
    "marge": {
      "options": {
        "reportDir": "cypress/results",
        "overwrite": false,
        "html": false,
        "json": true
      },
      "version": "6.2.0"
    }
  }
}